\BOOKMARK [1][-]{section.1}{Introduction}{}% 1
\BOOKMARK [1][-]{section.2}{Materials and Methods}{}% 2
\BOOKMARK [2][-]{subsection.2.1}{Population dynamics}{section.2}% 3
\BOOKMARK [2][-]{subsection.2.2}{Recruitment dynamics}{section.2}% 4
\BOOKMARK [2][-]{subsection.2.3}{Population movement dynamics}{section.2}% 5
\BOOKMARK [2][-]{subsection.2.4}{Fleet dynamics}{section.2}% 6
\BOOKMARK [3][-]{subsubsection.2.4.1}{Fleet targeting}{subsection.2.4}% 7
\BOOKMARK [3][-]{subsubsection.2.4.2}{Trip-level decisions}{subsection.2.4}% 8
\BOOKMARK [3][-]{subsubsection.2.4.3}{Within-trip decisions}{subsection.2.4}% 9
\BOOKMARK [3][-]{subsubsection.2.4.4}{Local population depletion}{subsection.2.4}% 10
\BOOKMARK [2][-]{subsection.2.5}{Fisheries independent survey}{section.2}% 11
\BOOKMARK [2][-]{subsection.2.6}{Software}{section.2}% 12
\BOOKMARK [1][-]{section.3}{Calculation - used by journal / Parameterisation}{}% 13
\BOOKMARK [2][-]{subsection.3.1}{Population parametrisation}{section.3}% 14
\BOOKMARK [2][-]{subsection.3.2}{Fleet parametrisation}{section.3}% 15
\BOOKMARK [2][-]{subsection.3.3}{Survey settings}{section.3}% 16
\BOOKMARK [2][-]{subsection.3.4}{Example research question scenario}{section.3}% 17
\BOOKMARK [1][-]{section.4}{Results}{}% 18
\BOOKMARK [1][-]{section.5}{Discussion}{}% 19
\BOOKMARK [1][-]{section.6}{Conclusions}{}% 20
